2023-04-19 10:38:40,282 INFO o.a.j.u.JMeterUtils: Setting Locale to en_EN
2023-04-19 10:38:40,306 INFO o.a.j.JMeter: Loading user properties from: C:\Users\user\Downloads\apache-jmeter-5.5\bin\user.properties
2023-04-19 10:38:40,306 INFO o.a.j.JMeter: Loading system properties from: C:\Users\user\Downloads\apache-jmeter-5.5\bin\system.properties
2023-04-19 10:38:40,322 INFO o.a.j.JMeter: Copyright (c) 1998-2022 The Apache Software Foundation
2023-04-19 10:38:40,322 INFO o.a.j.JMeter: Version 5.5
2023-04-19 10:38:40,322 INFO o.a.j.JMeter: java.version=1.8.0_361
2023-04-19 10:38:40,322 INFO o.a.j.JMeter: java.vm.name=Java HotSpot(TM) 64-Bit Server VM
2023-04-19 10:38:40,322 INFO o.a.j.JMeter: os.name=Windows 10
2023-04-19 10:38:40,322 INFO o.a.j.JMeter: os.arch=amd64
2023-04-19 10:38:40,358 INFO o.a.j.JMeter: os.version=10.0
2023-04-19 10:38:40,358 INFO o.a.j.JMeter: file.encoding=Cp1251
2023-04-19 10:38:40,358 INFO o.a.j.JMeter: java.awt.headless=true
2023-04-19 10:38:40,358 INFO o.a.j.JMeter: Max memory     =1073741824
2023-04-19 10:38:40,358 INFO o.a.j.JMeter: Available Processors =8
2023-04-19 10:38:40,366 INFO o.a.j.JMeter: Default Locale=English (EN)
2023-04-19 10:38:40,366 INFO o.a.j.JMeter: JMeter  Locale=English (EN)
2023-04-19 10:38:40,366 INFO o.a.j.JMeter: JMeterHome=C:\Users\user\Downloads\apache-jmeter-5.5
2023-04-19 10:38:40,366 INFO o.a.j.JMeter: user.dir  =C:\gitbr\Homework24
2023-04-19 10:38:40,366 INFO o.a.j.JMeter: PWD       =C:\gitbr\Homework24
2023-04-19 10:38:40,366 INFO o.a.j.JMeter: IP: 172.16.220.21 Name: WIN-35BHSHM2TMJ FullName: WIN-35BHSHM2TMJ
2023-04-19 10:38:40,414 INFO o.a.j.s.FileServer: Default base='C:\gitbr\Homework24'
2023-04-19 10:38:40,414 INFO o.a.j.s.FileServer: Set new base='C:\gitbr\Homework24'
2023-04-19 10:38:40,591 INFO o.a.j.s.SaveService: Testplan (JMX) version: 2.2. Testlog (JTL) version: 2.2
2023-04-19 10:38:40,631 INFO o.a.j.s.SaveService: Using SaveService properties file encoding UTF-8
2023-04-19 10:38:40,640 INFO o.a.j.s.SaveService: Using SaveService properties version 5.0
2023-04-19 10:38:40,647 INFO o.a.j.s.SaveService: Loading file: homework24_l1.jmx
2023-04-19 10:38:40,711 INFO o.a.j.p.h.s.HTTPSamplerBase: Parser for text/html is org.apache.jmeter.protocol.http.parser.LagartoBasedHtmlParser
2023-04-19 10:38:40,711 INFO o.a.j.p.h.s.HTTPSamplerBase: Parser for application/xhtml+xml is org.apache.jmeter.protocol.http.parser.LagartoBasedHtmlParser
2023-04-19 10:38:40,711 INFO o.a.j.p.h.s.HTTPSamplerBase: Parser for application/xml is org.apache.jmeter.protocol.http.parser.LagartoBasedHtmlParser
2023-04-19 10:38:40,711 INFO o.a.j.p.h.s.HTTPSamplerBase: Parser for text/xml is org.apache.jmeter.protocol.http.parser.LagartoBasedHtmlParser
2023-04-19 10:38:40,711 INFO o.a.j.p.h.s.HTTPSamplerBase: Parser for text/vnd.wap.wml is org.apache.jmeter.protocol.http.parser.RegexpHTMLParser
2023-04-19 10:38:40,711 INFO o.a.j.p.h.s.HTTPSamplerBase: Parser for text/css is org.apache.jmeter.protocol.http.parser.CssParser
2023-04-19 10:38:41,087 INFO o.a.j.JMeter: Creating summariser <summary>
2023-04-19 10:38:41,143 INFO o.a.j.e.StandardJMeterEngine: Running the test!
2023-04-19 10:38:41,143 INFO o.a.j.s.SampleEvent: List of sample_variables: []
2023-04-19 10:38:41,143 INFO o.a.j.s.SampleEvent: List of sample_variables: []
2023-04-19 10:38:41,151 INFO o.a.j.e.u.CompoundVariable: Note: Function class names must contain the string: '.functions.'
2023-04-19 10:38:41,151 INFO o.a.j.e.u.CompoundVariable: Note: Function class names must not contain the string: '.gui.'
2023-04-19 10:38:41,604 INFO o.a.j.JMeter: Running test (1681897121604)
2023-04-19 10:38:41,644 INFO o.a.j.e.StandardJMeterEngine: Starting ThreadGroup: 1 : Thread Group
2023-04-19 10:38:41,644 INFO o.a.j.e.StandardJMeterEngine: Starting 1 threads for group Thread Group.
2023-04-19 10:38:41,644 INFO o.a.j.e.StandardJMeterEngine: Thread will continue on error
2023-04-19 10:38:41,644 INFO o.a.j.t.ThreadGroup: Starting thread group... number=1 threads=1 ramp-up=10 delayedStart=false
2023-04-19 10:38:41,652 INFO o.a.j.t.ThreadGroup: Started thread group number 1
2023-04-19 10:38:41,652 INFO o.a.j.e.StandardJMeterEngine: All thread groups have been started
2023-04-19 10:38:41,660 INFO o.a.j.t.JMeterThread: Thread started: Thread Group 1-1
2023-04-19 10:38:41,684 INFO o.a.j.p.h.s.HTTPHCAbstractImpl: Local host = WIN-35BHSHM2TMJ
2023-04-19 10:38:41,692 INFO o.a.j.p.h.s.HTTPHC4Impl: HTTP request retry count = 0
2023-04-19 10:38:41,692 INFO o.a.j.s.SampleResult: Note: Sample TimeStamps are START times
2023-04-19 10:38:41,692 INFO o.a.j.s.SampleResult: sampleresult.default.encoding is set to ISO-8859-1
2023-04-19 10:38:41,692 INFO o.a.j.s.SampleResult: sampleresult.useNanoTime=true
2023-04-19 10:38:41,692 INFO o.a.j.s.SampleResult: sampleresult.nanoThreadSleep=5000
2023-04-19 10:38:42,644 INFO o.a.j.p.h.s.h.LazyLayeredConnectionSocketFactory: Setting up HTTPS TrustAll Socket Factory
2023-04-19 10:38:42,652 INFO o.a.j.u.JsseSSLManager: Using default SSL protocol: TLS
2023-04-19 10:38:42,652 INFO o.a.j.u.JsseSSLManager: SSL session context: per-thread
2023-04-19 10:38:44,077 INFO o.a.j.u.SSLManager: JmeterKeyStore Location:  type JKS
2023-04-19 10:38:44,082 INFO o.a.j.u.SSLManager: KeyStore created OK
2023-04-19 10:38:44,082 WARN o.a.j.u.SSLManager: Keystore file not found, loading empty keystore
2023-04-19 10:38:55,162 INFO o.a.j.t.JMeterThread: Thread is done: Thread Group 1-1
2023-04-19 10:38:55,162 INFO o.a.j.t.JMeterThread: Thread finished: Thread Group 1-1
2023-04-19 10:38:55,162 INFO o.a.j.e.StandardJMeterEngine: Notifying test listeners of end of test
2023-04-19 10:38:55,171 INFO o.a.j.r.Summariser: summary =     15 in 00:00:14 =    1.1/s Avg:   891 Min:   100 Max:  3664 Err:     0 (0.00%)
